<?xml version="1.0" encoding="UTF-8"?>
<!-- Generated by org.testng.reporters.JUnitXMLReporter -->
<testsuite ignored="0" hostname="CND1166CNG" failures="0" tests="2" name="fireFoxPage" time="0.508" errors="0" timestamp="2021-12-02T12:11:51 IST">
  <testcase classname="utility.BaseClass" name="@BeforeMethod launchBrowser" time="0.291">
    <failure type="java.lang.IllegalStateException" message="The path to the driver executable The path to the driver executable must be set by the webdriver.gecko.driver system property; for more information, see https://github.com/mozilla/geckodriver. The latest version can be downloaded from https://github.com/mozilla/geckodriver/releases">
      <![CDATA[java.lang.IllegalStateException: The path to the driver executable The path to the driver executable must be set by the webdriver.gecko.driver system property; for more information, see https://github.com/mozilla/geckodriver. The latest version can be downloaded from https://github.com/mozilla/geckodriver/releases
at org.openqa.selenium.internal.Require$StateChecker.nonNull(Require.java:280)
at org.openqa.selenium.remote.service.DriverService.findExecutable(DriverService.java:132)
at org.openqa.selenium.firefox.GeckoDriverService.access$100(GeckoDriverService.java:44)
at org.openqa.selenium.firefox.GeckoDriverService$Builder.findDefaultExecutable(GeckoDriverService.java:185)
at org.openqa.selenium.remote.service.DriverService$Builder.build(DriverService.java:434)
at org.openqa.selenium.firefox.FirefoxDriver.toExecutor(FirefoxDriver.java:232)
at org.openqa.selenium.firefox.FirefoxDriver.<init>(FirefoxDriver.java:186)
at org.openqa.selenium.firefox.FirefoxDriver.<init>(FirefoxDriver.java:164)
at utility.webutil.launchBrowser(webutil.java:29)
at utility.BaseClass.launchBrowser(BaseClass.java:49)
at java.base/java.util.ArrayList.forEach(ArrayList.java:1511)
at java.base/java.util.concurrent.FutureTask.run(FutureTask.java:264)
at java.base/java.util.concurrent.ThreadPoolExecutor.runWorker(ThreadPoolExecutor.java:1136)
at java.base/java.util.concurrent.ThreadPoolExecutor$Worker.run(ThreadPoolExecutor.java:635)
at java.base/java.lang.Thread.run(Thread.java:833)
... Removed 22 stack frames]]>
    </failure>
  </testcase> <!-- @BeforeMethod launchBrowser -->
  <testcase classname="utility.BaseClass" name="@AfterMethod Getresult" time="-1.638427311209E9">
    <skipped/>
  </testcase> <!-- @AfterMethod Getresult -->
  <testcase classname="utility.BaseClass" name="@BeforeMethod launchBrowser" time="-1.638427311215E9">
    <skipped/>
  </testcase> <!-- @BeforeMethod launchBrowser -->
  <testcase classname="utility.BaseClass" name="@AfterMethod Getresult" time="-1.638427311221E9">
    <skipped/>
  </testcase> <!-- @AfterMethod Getresult -->
  <testcase classname="testrun.logiPageTest" name="username" time="0.0">
    <skipped/>
  </testcase> <!-- username -->
  <testcase classname="testrun.logiPageTest" name="pimpage" time="0.0">
    <skipped/>
  </testcase> <!-- pimpage -->
</testsuite> <!-- fireFoxPage -->
